c:\users\todes\documents\school\csc 473\a3\anim\debug\vc143.pdb
c:\users\todes\documents\school\csc 473\a3\anim\debug\vc143.idb
c:\users\todes\documents\school\csc 473\a3\anim\debug\anim.obj
c:\users\todes\documents\school\csc 473\a3\anim\debug\animtcl.obj
c:\users\todes\documents\school\csc 473\a3\anim\debug\baseobject.obj
c:\users\todes\documents\school\csc 473\a3\anim\debug\basesimulator.obj
c:\users\todes\documents\school\csc 473\a3\anim\debug\iksimulator.obj
c:\users\todes\documents\school\csc 473\a3\anim\debug\globalresourcemanager.obj
c:\users\todes\documents\school\csc 473\a3\anim\debug\hermitesystem.obj
c:\users\todes\documents\school\csc 473\a3\anim\debug\myscene.obj
c:\users\todes\documents\school\csc 473\a3\anim\debug\worldsystem.obj
c:\users\todes\documents\school\csc 473\a3\anim\debug\resourcemanager.obj
c:\users\todes\documents\school\csc 473\a3\anim\debug\basesystem.obj
c:\users\todes\documents\school\csc 473\a3\build\anim.exe
c:\users\todes\documents\school\csc 473\a3\anim\debug\anim.ilk
c:\users\todes\documents\school\csc 473\a3\build\animp.pdb
c:\users\todes\documents\school\csc 473\a3\anim\debug\anim.tlog\cl.command.1.tlog
c:\users\todes\documents\school\csc 473\a3\anim\debug\anim.tlog\cl.read.1.tlog
c:\users\todes\documents\school\csc 473\a3\anim\debug\anim.tlog\cl.write.1.tlog
c:\users\todes\documents\school\csc 473\a3\anim\debug\anim.tlog\link.command.1.tlog
c:\users\todes\documents\school\csc 473\a3\anim\debug\anim.tlog\link.read.1.tlog
c:\users\todes\documents\school\csc 473\a3\anim\debug\anim.tlog\link.write.1.tlog
